2017-08-22T06:14:01.456Z - normal: Load ~/.CocosCreator/settings.json
2017-08-22T06:14:01.460Z - normal: checking language setting...
2017-08-22T06:14:01.460Z - normal: Language: zh
2017-08-22T06:14:03.198Z - success: protocol editor-framework registered
2017-08-22T06:14:03.198Z - success: protocol app registered
2017-08-22T06:14:03.198Z - success: protocol theme registered
2017-08-22T06:14:03.198Z - success: protocol profile registered
2017-08-22T06:14:03.198Z - success: protocol packages registered
2017-08-22T06:14:03.198Z - success: protocol unpack registerred
2017-08-22T06:14:03.199Z - success: protocol disable-commonjs registerred
2017-08-22T06:14:03.463Z - normal: connected!
2017-08-22T06:14:03.472Z - normal: Check project D:\cocos\cocosDemo
2017-08-22T06:14:03.480Z - normal: Initializing Cocos2d
2017-08-22T06:14:03.913Z - normal: Initializing Asset Database
2017-08-22T06:14:03.958Z - success: protocol uuid registerred
2017-08-22T06:14:03.958Z - success: protocol db registerred
2017-08-22T06:14:03.958Z - success: protocol thumbnail registerred
2017-08-22T06:14:03.958Z - normal: Loading editor/builtin packages
2017-08-22T06:14:04.011Z - success: anysdk loaded
2017-08-22T06:14:04.159Z - success: assets loaded
2017-08-22T06:14:04.162Z - success: builder loaded
2017-08-22T06:14:04.165Z - success: hierarchy loaded
2017-08-22T06:14:04.167Z - success: inspector loaded
2017-08-22T06:14:04.168Z - success: keystore loaded
2017-08-22T06:14:04.170Z - success: node-library loaded
2017-08-22T06:14:04.172Z - success: package-asset loaded
2017-08-22T06:14:04.174Z - success: preferences loaded
2017-08-22T06:14:04.190Z - success: project-importer loaded
2017-08-22T06:14:04.192Z - success: project-settings loaded
2017-08-22T06:14:04.194Z - success: ui-kit loaded
2017-08-22T06:14:04.196Z - success: ui-grid loaded
2017-08-22T06:14:04.198Z - success: scene loaded
2017-08-22T06:14:04.200Z - success: sprite-editor loaded
2017-08-22T06:14:04.203Z - success: store loaded
2017-08-22T06:14:04.207Z - success: timeline loaded
2017-08-22T06:14:04.207Z - normal: Loading builtin packages
2017-08-22T06:14:04.214Z - success: asset-db-debugger loaded
2017-08-22T06:14:04.216Z - success: code-editor loaded
2017-08-22T06:14:04.222Z - success: color-picker loaded
2017-08-22T06:14:04.224Z - success: console loaded
2017-08-22T06:14:04.226Z - success: package-manager loaded
2017-08-22T06:14:04.238Z - success: sdkbox loaded
2017-08-22T06:14:04.244Z - success: tester loaded
2017-08-22T06:14:04.247Z - success: ui-kit-preview-extra loaded
2017-08-22T06:14:04.249Z - success: ui-kit-preview loaded
2017-08-22T06:14:04.250Z - success: ui-tree loaded
2017-08-22T06:14:05.425Z - normal: Initializing project D:\cocos\cocosDemo
2017-08-22T06:14:05.434Z - normal: Loading packages
2017-08-22T06:14:05.447Z - normal: Watching packages
2017-08-22T06:14:05.469Z - normal: Run Application
2017-08-22T06:14:06.765Z - success: preview server running at http://localhost:7456
2017-08-22T06:14:06.765Z - normal: Compiling scripts...
2017-08-22T06:14:08.345Z - normal: Compiled project javascript file successfully
2017-08-22T06:14:12.371Z - normal: 1.5.1
2017-08-22T06:14:49.940Z - error: 项目名不合法, 只能包含这些字符: [0-9], [a-z], [A-Z], [_]. 并且 [-] 在 android 上也不支持.
    at Vue._build (E:\CocosCreator\resources\app.asar\editor\builtin\builder\panel\builder.js:1:15139)
    at Vue._build (app://bower_components/vue/dist/vue.js:220:74)
    at eval (E:\CocosCreator\resources\app.asar\editor\builtin\builder\panel\builder.js:1:14573)
    at EventEmitter.<anonymous> (E:\CocosCreator\resources\app.asar\editor-framework\lib\renderer\ipc.js:1:5795)
    at emitMany (events.js:127:13)
    at EventEmitter.emit (events.js:201:7)
2017-08-22T06:15:25.043Z - normal: Start building with options : {
  "androidStudio": true,
  "apiLevel": "",
  "appABIs": [],
  "appKey": "",
  "appSecret": "",
  "buildPath": "D:\\cocos\\cocosDemo\\build",
  "debug": false,
  "dest": "D:\\cocos\\cocosDemo\\build\\web-mobile",
  "excludedModules": [],
  "includeAnySDK": false,
  "inlineSpriteFrames": true,
  "inlineSpriteFrames_native": true,
  "mergeStartScene": false,
  "oauthLoginServer": "",
  "optimizeHotUpdate": false,
  "orientation": {
    "landscapeLeft": true,
    "landscapeRight": true,
    "portrait": false,
    "upsideDown": false
  },
  "packageName": "org.cocos2d.cocosDemo",
  "platform": "web-mobile",
  "previewHeight": 720,
  "previewWidth": 1280,
  "privateKey": "",
  "renderMode": "0",
  "scenes": [
    {
      "url": "db://assets/game.fire",
      "uuid": "ab1e7d83-181b-4d46-bf38-47695282314e"
    }
  ],
  "sourceMaps": false,
  "startScene": "ab1e7d83-181b-4d46-bf38-47695282314e",
  "template": "default",
  "title": "EszCanJump",
  "useDebugKeystore": true,
  "vsVersion": "auto",
  "webOrientation": "auto",
  "project": "D:\\cocos\\cocosDemo",
  "projectName": "EszCanJump",
  "runtimePath": "E:\\CocosCreator\\resources\\engine",
  "debugBuildWorker": false
}
2017-08-22T06:15:25.046Z - normal: Building D:\cocos\cocosDemo
2017-08-22T06:15:25.046Z - normal: Destination D:\cocos\cocosDemo\build\web-mobile
2017-08-22T06:15:25.529Z - normal: Delete D:\cocos\cocosDemo\build\web-mobile\res/**/*
2017-08-22T06:15:25.530Z - normal: Delete D:\cocos\cocosDemo\build\web-mobile\src/*/
2017-08-22T06:15:27.151Z - normal: Compiled project javascript file successfully
2017-08-22T06:15:27.151Z - normal: Start building assets
2017-08-22T06:15:27.151Z - normal: Start spawn build-worker
2017-08-22T06:15:28.003Z - normal: Finish spawn build-worker
2017-08-22T06:15:28.003Z - normal: Start init build-worker
2017-08-22T06:15:29.852Z - normal: 1.5.1
2017-08-22T06:15:29.894Z - normal: Finish init build-worker
2017-08-22T06:15:29.894Z - normal: Start build-assets in worker
2017-08-22T06:15:30.170Z - normal: Finish build-assets in worker
2017-08-22T06:15:30.176Z - normal: Finish building assets
2017-08-22T06:15:30.185Z - normal: Start building raw assets
2017-08-22T06:15:30.185Z - normal: [build-raw-assets] Start copying D:\cocos\cocosDemo\assets\textures\background.jpg to D:\cocos\cocosDemo\build\web-mobile\res\raw-assets\textures\background.jpg
2017-08-22T06:15:30.186Z - normal: [build-raw-assets] Start copying D:\cocos\cocosDemo\assets\textures\ground.png to D:\cocos\cocosDemo\build\web-mobile\res\raw-assets\textures\ground.png
2017-08-22T06:15:30.186Z - normal: [build-raw-assets] Start copying D:\cocos\cocosDemo\assets\audio\score.mp3 to D:\cocos\cocosDemo\build\web-mobile\res\raw-assets\audio\score.mp3
2017-08-22T06:15:30.186Z - normal: [build-raw-assets] Start copying D:\cocos\cocosDemo\assets\textures\star.png to D:\cocos\cocosDemo\build\web-mobile\res\raw-assets\textures\star.png
2017-08-22T06:15:30.186Z - normal: [build-raw-assets] Start copying D:\cocos\cocosDemo\assets\textures\PurpleMonster.png to D:\cocos\cocosDemo\build\web-mobile\res\raw-assets\textures\PurpleMonster.png
2017-08-22T06:15:30.186Z - normal: [build-raw-assets] Start copying D:\cocos\cocosDemo\assets\audio\jump.mp3 to D:\cocos\cocosDemo\build\web-mobile\res\raw-assets\audio\jump.mp3
2017-08-22T06:15:30.187Z - normal: [build-raw-assets] Start copying D:\cocos\cocosDemo\assets\mikado_outline_shadow.png to D:\cocos\cocosDemo\build\web-mobile\res\raw-assets\mikado_outline_shadow.png
2017-08-22T06:15:30.212Z - normal: [build-raw-assets] Finish copying D:\cocos\cocosDemo\assets\textures\star.png to D:\cocos\cocosDemo\build\web-mobile\res\raw-assets\textures\star.png
2017-08-22T06:15:30.213Z - normal: [build-raw-assets] Finish copying D:\cocos\cocosDemo\assets\mikado_outline_shadow.png to D:\cocos\cocosDemo\build\web-mobile\res\raw-assets\mikado_outline_shadow.png
2017-08-22T06:15:30.220Z - normal: [build-raw-assets] Finish copying D:\cocos\cocosDemo\assets\textures\PurpleMonster.png to D:\cocos\cocosDemo\build\web-mobile\res\raw-assets\textures\PurpleMonster.png
2017-08-22T06:15:30.223Z - normal: [build-raw-assets] Finish copying D:\cocos\cocosDemo\assets\textures\ground.png to D:\cocos\cocosDemo\build\web-mobile\res\raw-assets\textures\ground.png
2017-08-22T06:15:30.228Z - normal: [build-raw-assets] Finish copying D:\cocos\cocosDemo\assets\audio\jump.mp3 to D:\cocos\cocosDemo\build\web-mobile\res\raw-assets\audio\jump.mp3
2017-08-22T06:15:30.234Z - normal: [build-raw-assets] Finish copying D:\cocos\cocosDemo\assets\textures\background.jpg to D:\cocos\cocosDemo\build\web-mobile\res\raw-assets\textures\background.jpg
2017-08-22T06:15:30.234Z - normal: [build-raw-assets] Finish copying D:\cocos\cocosDemo\assets\audio\score.mp3 to D:\cocos\cocosDemo\build\web-mobile\res\raw-assets\audio\score.mp3
2017-08-22T06:15:30.235Z - normal: Finish building raw assets
2017-08-22T06:15:30.269Z - normal: Generating main.js from E:\CocosCreator\resources\static\build-templates\shares\main.js
2017-08-22T06:15:30.284Z - normal: Generating html from E:\CocosCreator\resources\static\build-templates\web-mobile\template\index.html
2017-08-22T06:15:30.293Z - normal: Built to "D:\cocos\cocosDemo\build\web-mobile" successfully
